<?xml version="1.0" encoding="UTF-8"?>
<testsuite xmlns:xsi="http://www.w3.org/2001/XMLSchema-instance" xsi:noNamespaceSchemaLocation="https://maven.apache.org/surefire/maven-surefire-plugin/xsd/surefire-test-report.xsd" name="com.cg.ProvisionService.ProvisionServiceApplicationTests" time="16.664" tests="1" errors="0" skipped="0" failures="0">
  <properties>
    <property name="sun.desktop" value="windows"/>
    <property name="awt.toolkit" value="sun.awt.windows.WToolkit"/>
    <property name="java.specification.version" value="11"/>
    <property name="sun.cpu.isalist" value="amd64"/>
    <property name="sun.jnu.encoding" value="Cp1252"/>
    <property name="java.class.path" value="C:\Users\pragat\Desktop\AdifPoc\phase_2\springlatest\demo_final\grpc\ProvisionMicroServiceLastest-master\target\test-classes;C:\Users\pragat\Desktop\AdifPoc\phase_2\springlatest\demo_final\grpc\ProvisionMicroServiceLastest-master\target\classes;C:\Users\pragat\.m2\repository\org\springframework\boot\spring-boot-starter-data-jpa\2.1.8.RELEASE\spring-boot-starter-data-jpa-2.1.8.RELEASE.jar;C:\Users\pragat\.m2\repository\org\springframework\boot\spring-boot-starter-aop\2.1.8.RELEASE\spring-boot-starter-aop-2.1.8.RELEASE.jar;C:\Users\pragat\.m2\repository\org\springframework\spring-aop\5.1.9.RELEASE\spring-aop-5.1.9.RELEASE.jar;C:\Users\pragat\.m2\repository\org\aspectj\aspectjweaver\1.9.4\aspectjweaver-1.9.4.jar;C:\Users\pragat\.m2\repository\org\springframework\boot\spring-boot-starter-jdbc\2.1.8.RELEASE\spring-boot-starter-jdbc-2.1.8.RELEASE.jar;C:\Users\pragat\.m2\repository\com\zaxxer\HikariCP\3.2.0\HikariCP-3.2.0.jar;C:\Users\pragat\.m2\repository\org\springframework\spring-jdbc\5.1.9.RELEASE\spring-jdbc-5.1.9.RELEASE.jar;C:\Users\pragat\.m2\repository\javax\transaction\javax.transaction-api\1.3\javax.transaction-api-1.3.jar;C:\Users\pragat\.m2\repository\javax\xml\bind\jaxb-api\2.3.1\jaxb-api-2.3.1.jar;C:\Users\pragat\.m2\repository\javax\activation\javax.activation-api\1.2.0\javax.activation-api-1.2.0.jar;C:\Users\pragat\.m2\repository\org\hibernate\hibernate-core\5.3.11.Final\hibernate-core-5.3.11.Final.jar;C:\Users\pragat\.m2\repository\org\jboss\logging\jboss-logging\3.3.3.Final\jboss-logging-3.3.3.Final.jar;C:\Users\pragat\.m2\repository\javax\persistence\javax.persistence-api\2.2\javax.persistence-api-2.2.jar;C:\Users\pragat\.m2\repository\org\javassist\javassist\3.23.2-GA\javassist-3.23.2-GA.jar;C:\Users\pragat\.m2\repository\net\bytebuddy\byte-buddy\1.9.16\byte-buddy-1.9.16.jar;C:\Users\pragat\.m2\repository\antlr\antlr\2.7.7\antlr-2.7.7.jar;C:\Users\pragat\.m2\repository\org\jboss\jandex\2.0.5.Final\jandex-2.0.5.Final.jar;C:\Users\pragat\.m2\repository\com\fasterxml\classmate\1.4.0\classmate-1.4.0.jar;C:\Users\pragat\.m2\repository\org\dom4j\dom4j\2.1.1\dom4j-2.1.1.jar;C:\Users\pragat\.m2\repository\org\hibernate\common\hibernate-commons-annotations\5.0.4.Final\hibernate-commons-annotations-5.0.4.Final.jar;C:\Users\pragat\.m2\repository\org\springframework\data\spring-data-jpa\2.1.10.RELEASE\spring-data-jpa-2.1.10.RELEASE.jar;C:\Users\pragat\.m2\repository\org\springframework\data\spring-data-commons\2.1.10.RELEASE\spring-data-commons-2.1.10.RELEASE.jar;C:\Users\pragat\.m2\repository\org\springframework\spring-orm\5.1.9.RELEASE\spring-orm-5.1.9.RELEASE.jar;C:\Users\pragat\.m2\repository\org\springframework\spring-context\5.1.9.RELEASE\spring-context-5.1.9.RELEASE.jar;C:\Users\pragat\.m2\repository\org\springframework\spring-tx\5.1.9.RELEASE\spring-tx-5.1.9.RELEASE.jar;C:\Users\pragat\.m2\repository\org\springframework\spring-beans\5.1.9.RELEASE\spring-beans-5.1.9.RELEASE.jar;C:\Users\pragat\.m2\repository\org\slf4j\slf4j-api\1.7.28\slf4j-api-1.7.28.jar;C:\Users\pragat\.m2\repository\org\springframework\spring-aspects\5.1.9.RELEASE\spring-aspects-5.1.9.RELEASE.jar;C:\Users\pragat\.m2\repository\org\springframework\boot\spring-boot-starter-web\2.1.8.RELEASE\spring-boot-starter-web-2.1.8.RELEASE.jar;C:\Users\pragat\.m2\repository\org\springframework\boot\spring-boot-starter\2.1.8.RELEASE\spring-boot-starter-2.1.8.RELEASE.jar;C:\Users\pragat\.m2\repository\org\springframework\boot\spring-boot\2.1.8.RELEASE\spring-boot-2.1.8.RELEASE.jar;C:\Users\pragat\.m2\repository\org\springframework\boot\spring-boot-starter-logging\2.1.8.RELEASE\spring-boot-starter-logging-2.1.8.RELEASE.jar;C:\Users\pragat\.m2\repository\ch\qos\logback\logback-classic\1.2.3\logback-classic-1.2.3.jar;C:\Users\pragat\.m2\repository\ch\qos\logback\logback-core\1.2.3\logback-core-1.2.3.jar;C:\Users\pragat\.m2\repository\org\apache\logging\log4j\log4j-to-slf4j\2.11.2\log4j-to-slf4j-2.11.2.jar;C:\Users\pragat\.m2\repository\org\apache\logging\log4j\log4j-api\2.11.2\log4j-api-2.11.2.jar;C:\Users\pragat\.m2\repository\org\slf4j\jul-to-slf4j\1.7.28\jul-to-slf4j-1.7.28.jar;C:\Users\pragat\.m2\repository\javax\annotation\javax.annotation-api\1.3.2\javax.annotation-api-1.3.2.jar;C:\Users\pragat\.m2\repository\org\yaml\snakeyaml\1.23\snakeyaml-1.23.jar;C:\Users\pragat\.m2\repository\org\springframework\boot\spring-boot-starter-json\2.1.8.RELEASE\spring-boot-starter-json-2.1.8.RELEASE.jar;C:\Users\pragat\.m2\repository\com\fasterxml\jackson\core\jackson-databind\2.9.9.3\jackson-databind-2.9.9.3.jar;C:\Users\pragat\.m2\repository\com\fasterxml\jackson\core\jackson-annotations\2.9.0\jackson-annotations-2.9.0.jar;C:\Users\pragat\.m2\repository\com\fasterxml\jackson\core\jackson-core\2.9.9\jackson-core-2.9.9.jar;C:\Users\pragat\.m2\repository\com\fasterxml\jackson\datatype\jackson-datatype-jdk8\2.9.9\jackson-datatype-jdk8-2.9.9.jar;C:\Users\pragat\.m2\repository\com\fasterxml\jackson\datatype\jackson-datatype-jsr310\2.9.9\jackson-datatype-jsr310-2.9.9.jar;C:\Users\pragat\.m2\repository\com\fasterxml\jackson\module\jackson-module-parameter-names\2.9.9\jackson-module-parameter-names-2.9.9.jar;C:\Users\pragat\.m2\repository\org\springframework\boot\spring-boot-starter-tomcat\2.1.8.RELEASE\spring-boot-starter-tomcat-2.1.8.RELEASE.jar;C:\Users\pragat\.m2\repository\org\apache\tomcat\embed\tomcat-embed-core\9.0.24\tomcat-embed-core-9.0.24.jar;C:\Users\pragat\.m2\repository\org\apache\tomcat\embed\tomcat-embed-el\9.0.24\tomcat-embed-el-9.0.24.jar;C:\Users\pragat\.m2\repository\org\apache\tomcat\embed\tomcat-embed-websocket\9.0.24\tomcat-embed-websocket-9.0.24.jar;C:\Users\pragat\.m2\repository\org\hibernate\validator\hibernate-validator\6.0.17.Final\hibernate-validator-6.0.17.Final.jar;C:\Users\pragat\.m2\repository\javax\validation\validation-api\2.0.1.Final\validation-api-2.0.1.Final.jar;C:\Users\pragat\.m2\repository\org\springframework\spring-web\5.1.9.RELEASE\spring-web-5.1.9.RELEASE.jar;C:\Users\pragat\.m2\repository\org\springframework\spring-webmvc\5.1.9.RELEASE\spring-webmvc-5.1.9.RELEASE.jar;C:\Users\pragat\.m2\repository\org\springframework\spring-expression\5.1.9.RELEASE\spring-expression-5.1.9.RELEASE.jar;C:\Users\pragat\.m2\repository\org\springframework\cloud\spring-cloud-starter-stream-kafka\2.1.3.RELEASE\spring-cloud-starter-stream-kafka-2.1.3.RELEASE.jar;C:\Users\pragat\.m2\repository\org\springframework\cloud\spring-cloud-stream-binder-kafka\2.1.3.RELEASE\spring-cloud-stream-binder-kafka-2.1.3.RELEASE.jar;C:\Users\pragat\.m2\repository\org\springframework\cloud\spring-cloud-stream-binder-kafka-core\2.1.3.RELEASE\spring-cloud-stream-binder-kafka-core-2.1.3.RELEASE.jar;C:\Users\pragat\.m2\repository\org\springframework\integration\spring-integration-kafka\3.1.0.RELEASE\spring-integration-kafka-3.1.0.RELEASE.jar;C:\Users\pragat\.m2\repository\org\springframework\cloud\spring-cloud-stream\2.1.3.RELEASE\spring-cloud-stream-2.1.3.RELEASE.jar;C:\Users\pragat\.m2\repository\org\springframework\boot\spring-boot-starter-validation\2.1.8.RELEASE\spring-boot-starter-validation-2.1.8.RELEASE.jar;C:\Users\pragat\.m2\repository\org\springframework\spring-messaging\5.1.9.RELEASE\spring-messaging-5.1.9.RELEASE.jar;C:\Users\pragat\.m2\repository\org\springframework\integration\spring-integration-core\5.1.7.RELEASE\spring-integration-core-5.1.7.RELEASE.jar;C:\Users\pragat\.m2\repository\io\projectreactor\reactor-core\3.2.12.RELEASE\reactor-core-3.2.12.RELEASE.jar;C:\Users\pragat\.m2\repository\org\reactivestreams\reactive-streams\1.0.3\reactive-streams-1.0.3.jar;C:\Users\pragat\.m2\repository\org\springframework\integration\spring-integration-jmx\5.1.7.RELEASE\spring-integration-jmx-5.1.7.RELEASE.jar;C:\Users\pragat\.m2\repository\org\springframework\spring-tuple\1.0.0.RELEASE\spring-tuple-1.0.0.RELEASE.jar;C:\Users\pragat\.m2\repository\com\esotericsoftware\kryo-shaded\3.0.3\kryo-shaded-3.0.3.jar;C:\Users\pragat\.m2\repository\com\esotericsoftware\minlog\1.3.0\minlog-1.3.0.jar;C:\Users\pragat\.m2\repository\org\springframework\integration\spring-integration-tuple\1.0.0.RELEASE\spring-integration-tuple-1.0.0.RELEASE.jar;C:\Users\pragat\.m2\repository\org\springframework\retry\spring-retry\1.2.4.RELEASE\spring-retry-1.2.4.RELEASE.jar;C:\Users\pragat\.m2\repository\org\springframework\cloud\spring-cloud-function-context\2.0.2.RELEASE\spring-cloud-function-context-2.0.2.RELEASE.jar;C:\Users\pragat\.m2\repository\org\springframework\cloud\spring-cloud-function-core\2.0.2.RELEASE\spring-cloud-function-core-2.0.2.RELEASE.jar;C:\Users\pragat\.m2\repository\org\apache\kafka\kafka-clients\2.0.1\kafka-clients-2.0.1.jar;C:\Users\pragat\.m2\repository\org\lz4\lz4-java\1.4.1\lz4-java-1.4.1.jar;C:\Users\pragat\.m2\repository\org\xerial\snappy\snappy-java\1.1.7.1\snappy-java-1.1.7.1.jar;C:\Users\pragat\.m2\repository\org\springframework\kafka\spring-kafka\2.2.8.RELEASE\spring-kafka-2.2.8.RELEASE.jar;C:\Users\pragat\.m2\repository\mysql\mysql-connector-java\8.0.17\mysql-connector-java-8.0.17.jar;C:\Users\pragat\.m2\repository\org\springframework\boot\spring-boot-starter-test\2.1.8.RELEASE\spring-boot-starter-test-2.1.8.RELEASE.jar;C:\Users\pragat\.m2\repository\org\springframework\boot\spring-boot-test\2.1.8.RELEASE\spring-boot-test-2.1.8.RELEASE.jar;C:\Users\pragat\.m2\repository\org\springframework\boot\spring-boot-test-autoconfigure\2.1.8.RELEASE\spring-boot-test-autoconfigure-2.1.8.RELEASE.jar;C:\Users\pragat\.m2\repository\com\jayway\jsonpath\json-path\2.4.0\json-path-2.4.0.jar;C:\Users\pragat\.m2\repository\net\minidev\json-smart\2.3\json-smart-2.3.jar;C:\Users\pragat\.m2\repository\net\minidev\accessors-smart\1.2\accessors-smart-1.2.jar;C:\Users\pragat\.m2\repository\org\ow2\asm\asm\5.0.4\asm-5.0.4.jar;C:\Users\pragat\.m2\repository\junit\junit\4.12\junit-4.12.jar;C:\Users\pragat\.m2\repository\org\assertj\assertj-core\3.11.1\assertj-core-3.11.1.jar;C:\Users\pragat\.m2\repository\org\mockito\mockito-core\2.23.4\mockito-core-2.23.4.jar;C:\Users\pragat\.m2\repository\net\bytebuddy\byte-buddy-agent\1.9.16\byte-buddy-agent-1.9.16.jar;C:\Users\pragat\.m2\repository\org\objenesis\objenesis\2.6\objenesis-2.6.jar;C:\Users\pragat\.m2\repository\org\hamcrest\hamcrest-core\1.3\hamcrest-core-1.3.jar;C:\Users\pragat\.m2\repository\org\hamcrest\hamcrest-library\1.3\hamcrest-library-1.3.jar;C:\Users\pragat\.m2\repository\org\skyscreamer\jsonassert\1.5.0\jsonassert-1.5.0.jar;C:\Users\pragat\.m2\repository\com\vaadin\external\google\android-json\0.0.20131108.vaadin1\android-json-0.0.20131108.vaadin1.jar;C:\Users\pragat\.m2\repository\org\springframework\spring-core\5.1.9.RELEASE\spring-core-5.1.9.RELEASE.jar;C:\Users\pragat\.m2\repository\org\springframework\spring-jcl\5.1.9.RELEASE\spring-jcl-5.1.9.RELEASE.jar;C:\Users\pragat\.m2\repository\org\springframework\spring-test\5.1.9.RELEASE\spring-test-5.1.9.RELEASE.jar;C:\Users\pragat\.m2\repository\org\xmlunit\xmlunit-core\2.6.3\xmlunit-core-2.6.3.jar;C:\Users\pragat\.m2\repository\org\springframework\cloud\spring-cloud-stream-test-support\2.1.3.RELEASE\spring-cloud-stream-test-support-2.1.3.RELEASE.jar;C:\Users\pragat\.m2\repository\org\springframework\boot\spring-boot-autoconfigure\2.1.8.RELEASE\spring-boot-autoconfigure-2.1.8.RELEASE.jar;C:\Users\pragat\.m2\repository\io\github\lognet\grpc-spring-boot-starter\3.0.0\grpc-spring-boot-starter-3.0.0.jar;C:\Users\pragat\.m2\repository\io\grpc\grpc-netty\1.15.1\grpc-netty-1.15.1.jar;C:\Users\pragat\.m2\repository\io\netty\netty-codec-http2\4.1.39.Final\netty-codec-http2-4.1.39.Final.jar;C:\Users\pragat\.m2\repository\io\netty\netty-common\4.1.39.Final\netty-common-4.1.39.Final.jar;C:\Users\pragat\.m2\repository\io\netty\netty-buffer\4.1.39.Final\netty-buffer-4.1.39.Final.jar;C:\Users\pragat\.m2\repository\io\netty\netty-transport\4.1.39.Final\netty-transport-4.1.39.Final.jar;C:\Users\pragat\.m2\repository\io\netty\netty-resolver\4.1.39.Final\netty-resolver-4.1.39.Final.jar;C:\Users\pragat\.m2\repository\io\netty\netty-codec\4.1.39.Final\netty-codec-4.1.39.Final.jar;C:\Users\pragat\.m2\repository\io\netty\netty-handler\4.1.39.Final\netty-handler-4.1.39.Final.jar;C:\Users\pragat\.m2\repository\io\netty\netty-codec-http\4.1.39.Final\netty-codec-http-4.1.39.Final.jar;C:\Users\pragat\.m2\repository\io\netty\netty-handler-proxy\4.1.39.Final\netty-handler-proxy-4.1.39.Final.jar;C:\Users\pragat\.m2\repository\io\netty\netty-codec-socks\4.1.39.Final\netty-codec-socks-4.1.39.Final.jar;C:\Users\pragat\.m2\repository\io\grpc\grpc-services\1.15.1\grpc-services-1.15.1.jar;C:\Users\pragat\.m2\repository\com\google\protobuf\protobuf-java-util\3.5.1\protobuf-java-util-3.5.1.jar;C:\Users\pragat\.m2\repository\com\google\re2j\re2j\1.2\re2j-1.2.jar;C:\Users\pragat\.m2\repository\io\grpc\grpc-stub\1.15.1\grpc-stub-1.15.1.jar;C:\Users\pragat\.m2\repository\io\grpc\grpc-core\1.15.1\grpc-core-1.15.1.jar;C:\Users\pragat\.m2\repository\io\grpc\grpc-context\1.15.1\grpc-context-1.15.1.jar;C:\Users\pragat\.m2\repository\com\google\code\gson\gson\2.8.5\gson-2.8.5.jar;C:\Users\pragat\.m2\repository\com\google\errorprone\error_prone_annotations\2.2.0\error_prone_annotations-2.2.0.jar;C:\Users\pragat\.m2\repository\com\google\code\findbugs\jsr305\3.0.0\jsr305-3.0.0.jar;C:\Users\pragat\.m2\repository\org\codehaus\mojo\animal-sniffer-annotations\1.17\animal-sniffer-annotations-1.17.jar;C:\Users\pragat\.m2\repository\io\opencensus\opencensus-api\0.12.3\opencensus-api-0.12.3.jar;C:\Users\pragat\.m2\repository\io\opencensus\opencensus-contrib-grpc-metrics\0.12.3\opencensus-contrib-grpc-metrics-0.12.3.jar;C:\Users\pragat\.m2\repository\io\grpc\grpc-protobuf\1.15.1\grpc-protobuf-1.15.1.jar;C:\Users\pragat\.m2\repository\com\google\protobuf\protobuf-java\3.5.1\protobuf-java-3.5.1.jar;C:\Users\pragat\.m2\repository\com\google\guava\guava\20.0\guava-20.0.jar;C:\Users\pragat\.m2\repository\com\google\api\grpc\proto-google-common-protos\1.16.0\proto-google-common-protos-1.16.0.jar;C:\Users\pragat\.m2\repository\io\grpc\grpc-protobuf-lite\1.15.1\grpc-protobuf-lite-1.15.1.jar;C:\Users\pragat\.m2\repository\io\opentracing\contrib\opentracing-spring-jaeger-web-starter\2.0.3\opentracing-spring-jaeger-web-starter-2.0.3.jar;C:\Users\pragat\.m2\repository\io\opentracing\contrib\opentracing-spring-jaeger-starter\2.0.3\opentracing-spring-jaeger-starter-2.0.3.jar;C:\Users\pragat\.m2\repository\io\opentracing\contrib\opentracing-spring-tracer-configuration-starter\0.2.0\opentracing-spring-tracer-configuration-starter-0.2.0.jar;C:\Users\pragat\.m2\repository\io\opentracing\opentracing-noop\0.32.0\opentracing-noop-0.32.0.jar;C:\Users\pragat\.m2\repository\io\opentracing\opentracing-util\0.32.0\opentracing-util-0.32.0.jar;C:\Users\pragat\.m2\repository\io\opentracing\opentracing-api\0.32.0\opentracing-api-0.32.0.jar;C:\Users\pragat\.m2\repository\io\jaegertracing\jaeger-client\0.35.1\jaeger-client-0.35.1.jar;C:\Users\pragat\.m2\repository\io\jaegertracing\jaeger-thrift\0.35.1\jaeger-thrift-0.35.1.jar;C:\Users\pragat\.m2\repository\org\apache\thrift\libthrift\0.12.0\libthrift-0.12.0.jar;C:\Users\pragat\.m2\repository\com\squareup\okhttp3\okhttp\3.8.1\okhttp-3.8.1.jar;C:\Users\pragat\.m2\repository\com\squareup\okio\okio\1.13.0\okio-1.13.0.jar;C:\Users\pragat\.m2\repository\io\jaegertracing\jaeger-core\0.35.1\jaeger-core-0.35.1.jar;C:\Users\pragat\.m2\repository\io\jaegertracing\jaeger-tracerresolver\0.35.1\jaeger-tracerresolver-0.35.1.jar;C:\Users\pragat\.m2\repository\io\opentracing\contrib\opentracing-spring-web-starter\2.1.0\opentracing-spring-web-starter-2.1.0.jar;C:\Users\pragat\.m2\repository\io\opentracing\contrib\opentracing-spring-web\2.1.0\opentracing-spring-web-2.1.0.jar;C:\Users\pragat\.m2\repository\io\opentracing\contrib\opentracing-web-servlet-filter\0.3.0\opentracing-web-servlet-filter-0.3.0.jar;C:\Users\pragat\.m2\repository\io\opentracing\contrib\opentracing-tracerresolver\0.1.6\opentracing-tracerresolver-0.1.6.jar;"/>
    <property name="java.vm.vendor" value="Oracle Corporation"/>
    <property name="sun.arch.data.model" value="64"/>
    <property name="user.variant" value=""/>
    <property name="java.vendor.url" value="http://java.oracle.com/"/>
    <property name="user.timezone" value="Asia/Calcutta"/>
    <property name="java.vm.specification.version" value="11"/>
    <property name="os.name" value="Windows 10"/>
    <property name="sun.java.launcher" value="SUN_STANDARD"/>
    <property name="user.country" value="IN"/>
    <property name="sun.boot.library.path" value="C:\Users\pragat\java\jdk-11.0.1_windows-x64_bin\jdk-11.0.1\bin"/>
    <property name="sun.java.command" value="C:\Users\pragat\AppData\Local\Temp\surefire801473735791746013\surefirebooter15329188353931582417.jar C:\Users\pragat\AppData\Local\Temp\surefire801473735791746013 2019-09-27T10-01-07_350-jvmRun1 surefire4023199466241093028tmp surefire_012520310901119268104tmp"/>
    <property name="jdk.debug" value="release"/>
    <property name="surefire.test.class.path" value="C:\Users\pragat\Desktop\AdifPoc\phase_2\springlatest\demo_final\grpc\ProvisionMicroServiceLastest-master\target\test-classes;C:\Users\pragat\Desktop\AdifPoc\phase_2\springlatest\demo_final\grpc\ProvisionMicroServiceLastest-master\target\classes;C:\Users\pragat\.m2\repository\org\springframework\boot\spring-boot-starter-data-jpa\2.1.8.RELEASE\spring-boot-starter-data-jpa-2.1.8.RELEASE.jar;C:\Users\pragat\.m2\repository\org\springframework\boot\spring-boot-starter-aop\2.1.8.RELEASE\spring-boot-starter-aop-2.1.8.RELEASE.jar;C:\Users\pragat\.m2\repository\org\springframework\spring-aop\5.1.9.RELEASE\spring-aop-5.1.9.RELEASE.jar;C:\Users\pragat\.m2\repository\org\aspectj\aspectjweaver\1.9.4\aspectjweaver-1.9.4.jar;C:\Users\pragat\.m2\repository\org\springframework\boot\spring-boot-starter-jdbc\2.1.8.RELEASE\spring-boot-starter-jdbc-2.1.8.RELEASE.jar;C:\Users\pragat\.m2\repository\com\zaxxer\HikariCP\3.2.0\HikariCP-3.2.0.jar;C:\Users\pragat\.m2\repository\org\springframework\spring-jdbc\5.1.9.RELEASE\spring-jdbc-5.1.9.RELEASE.jar;C:\Users\pragat\.m2\repository\javax\transaction\javax.transaction-api\1.3\javax.transaction-api-1.3.jar;C:\Users\pragat\.m2\repository\javax\xml\bind\jaxb-api\2.3.1\jaxb-api-2.3.1.jar;C:\Users\pragat\.m2\repository\javax\activation\javax.activation-api\1.2.0\javax.activation-api-1.2.0.jar;C:\Users\pragat\.m2\repository\org\hibernate\hibernate-core\5.3.11.Final\hibernate-core-5.3.11.Final.jar;C:\Users\pragat\.m2\repository\org\jboss\logging\jboss-logging\3.3.3.Final\jboss-logging-3.3.3.Final.jar;C:\Users\pragat\.m2\repository\javax\persistence\javax.persistence-api\2.2\javax.persistence-api-2.2.jar;C:\Users\pragat\.m2\repository\org\javassist\javassist\3.23.2-GA\javassist-3.23.2-GA.jar;C:\Users\pragat\.m2\repository\net\bytebuddy\byte-buddy\1.9.16\byte-buddy-1.9.16.jar;C:\Users\pragat\.m2\repository\antlr\antlr\2.7.7\antlr-2.7.7.jar;C:\Users\pragat\.m2\repository\org\jboss\jandex\2.0.5.Final\jandex-2.0.5.Final.jar;C:\Users\pragat\.m2\repository\com\fasterxml\classmate\1.4.0\classmate-1.4.0.jar;C:\Users\pragat\.m2\repository\org\dom4j\dom4j\2.1.1\dom4j-2.1.1.jar;C:\Users\pragat\.m2\repository\org\hibernate\common\hibernate-commons-annotations\5.0.4.Final\hibernate-commons-annotations-5.0.4.Final.jar;C:\Users\pragat\.m2\repository\org\springframework\data\spring-data-jpa\2.1.10.RELEASE\spring-data-jpa-2.1.10.RELEASE.jar;C:\Users\pragat\.m2\repository\org\springframework\data\spring-data-commons\2.1.10.RELEASE\spring-data-commons-2.1.10.RELEASE.jar;C:\Users\pragat\.m2\repository\org\springframework\spring-orm\5.1.9.RELEASE\spring-orm-5.1.9.RELEASE.jar;C:\Users\pragat\.m2\repository\org\springframework\spring-context\5.1.9.RELEASE\spring-context-5.1.9.RELEASE.jar;C:\Users\pragat\.m2\repository\org\springframework\spring-tx\5.1.9.RELEASE\spring-tx-5.1.9.RELEASE.jar;C:\Users\pragat\.m2\repository\org\springframework\spring-beans\5.1.9.RELEASE\spring-beans-5.1.9.RELEASE.jar;C:\Users\pragat\.m2\repository\org\slf4j\slf4j-api\1.7.28\slf4j-api-1.7.28.jar;C:\Users\pragat\.m2\repository\org\springframework\spring-aspects\5.1.9.RELEASE\spring-aspects-5.1.9.RELEASE.jar;C:\Users\pragat\.m2\repository\org\springframework\boot\spring-boot-starter-web\2.1.8.RELEASE\spring-boot-starter-web-2.1.8.RELEASE.jar;C:\Users\pragat\.m2\repository\org\springframework\boot\spring-boot-starter\2.1.8.RELEASE\spring-boot-starter-2.1.8.RELEASE.jar;C:\Users\pragat\.m2\repository\org\springframework\boot\spring-boot\2.1.8.RELEASE\spring-boot-2.1.8.RELEASE.jar;C:\Users\pragat\.m2\repository\org\springframework\boot\spring-boot-starter-logging\2.1.8.RELEASE\spring-boot-starter-logging-2.1.8.RELEASE.jar;C:\Users\pragat\.m2\repository\ch\qos\logback\logback-classic\1.2.3\logback-classic-1.2.3.jar;C:\Users\pragat\.m2\repository\ch\qos\logback\logback-core\1.2.3\logback-core-1.2.3.jar;C:\Users\pragat\.m2\repository\org\apache\logging\log4j\log4j-to-slf4j\2.11.2\log4j-to-slf4j-2.11.2.jar;C:\Users\pragat\.m2\repository\org\apache\logging\log4j\log4j-api\2.11.2\log4j-api-2.11.2.jar;C:\Users\pragat\.m2\repository\org\slf4j\jul-to-slf4j\1.7.28\jul-to-slf4j-1.7.28.jar;C:\Users\pragat\.m2\repository\javax\annotation\javax.annotation-api\1.3.2\javax.annotation-api-1.3.2.jar;C:\Users\pragat\.m2\repository\org\yaml\snakeyaml\1.23\snakeyaml-1.23.jar;C:\Users\pragat\.m2\repository\org\springframework\boot\spring-boot-starter-json\2.1.8.RELEASE\spring-boot-starter-json-2.1.8.RELEASE.jar;C:\Users\pragat\.m2\repository\com\fasterxml\jackson\core\jackson-databind\2.9.9.3\jackson-databind-2.9.9.3.jar;C:\Users\pragat\.m2\repository\com\fasterxml\jackson\core\jackson-annotations\2.9.0\jackson-annotations-2.9.0.jar;C:\Users\pragat\.m2\repository\com\fasterxml\jackson\core\jackson-core\2.9.9\jackson-core-2.9.9.jar;C:\Users\pragat\.m2\repository\com\fasterxml\jackson\datatype\jackson-datatype-jdk8\2.9.9\jackson-datatype-jdk8-2.9.9.jar;C:\Users\pragat\.m2\repository\com\fasterxml\jackson\datatype\jackson-datatype-jsr310\2.9.9\jackson-datatype-jsr310-2.9.9.jar;C:\Users\pragat\.m2\repository\com\fasterxml\jackson\module\jackson-module-parameter-names\2.9.9\jackson-module-parameter-names-2.9.9.jar;C:\Users\pragat\.m2\repository\org\springframework\boot\spring-boot-starter-tomcat\2.1.8.RELEASE\spring-boot-starter-tomcat-2.1.8.RELEASE.jar;C:\Users\pragat\.m2\repository\org\apache\tomcat\embed\tomcat-embed-core\9.0.24\tomcat-embed-core-9.0.24.jar;C:\Users\pragat\.m2\repository\org\apache\tomcat\embed\tomcat-embed-el\9.0.24\tomcat-embed-el-9.0.24.jar;C:\Users\pragat\.m2\repository\org\apache\tomcat\embed\tomcat-embed-websocket\9.0.24\tomcat-embed-websocket-9.0.24.jar;C:\Users\pragat\.m2\repository\org\hibernate\validator\hibernate-validator\6.0.17.Final\hibernate-validator-6.0.17.Final.jar;C:\Users\pragat\.m2\repository\javax\validation\validation-api\2.0.1.Final\validation-api-2.0.1.Final.jar;C:\Users\pragat\.m2\repository\org\springframework\spring-web\5.1.9.RELEASE\spring-web-5.1.9.RELEASE.jar;C:\Users\pragat\.m2\repository\org\springframework\spring-webmvc\5.1.9.RELEASE\spring-webmvc-5.1.9.RELEASE.jar;C:\Users\pragat\.m2\repository\org\springframework\spring-expression\5.1.9.RELEASE\spring-expression-5.1.9.RELEASE.jar;C:\Users\pragat\.m2\repository\org\springframework\cloud\spring-cloud-starter-stream-kafka\2.1.3.RELEASE\spring-cloud-starter-stream-kafka-2.1.3.RELEASE.jar;C:\Users\pragat\.m2\repository\org\springframework\cloud\spring-cloud-stream-binder-kafka\2.1.3.RELEASE\spring-cloud-stream-binder-kafka-2.1.3.RELEASE.jar;C:\Users\pragat\.m2\repository\org\springframework\cloud\spring-cloud-stream-binder-kafka-core\2.1.3.RELEASE\spring-cloud-stream-binder-kafka-core-2.1.3.RELEASE.jar;C:\Users\pragat\.m2\repository\org\springframework\integration\spring-integration-kafka\3.1.0.RELEASE\spring-integration-kafka-3.1.0.RELEASE.jar;C:\Users\pragat\.m2\repository\org\springframework\cloud\spring-cloud-stream\2.1.3.RELEASE\spring-cloud-stream-2.1.3.RELEASE.jar;C:\Users\pragat\.m2\repository\org\springframework\boot\spring-boot-starter-validation\2.1.8.RELEASE\spring-boot-starter-validation-2.1.8.RELEASE.jar;C:\Users\pragat\.m2\repository\org\springframework\spring-messaging\5.1.9.RELEASE\spring-messaging-5.1.9.RELEASE.jar;C:\Users\pragat\.m2\repository\org\springframework\integration\spring-integration-core\5.1.7.RELEASE\spring-integration-core-5.1.7.RELEASE.jar;C:\Users\pragat\.m2\repository\io\projectreactor\reactor-core\3.2.12.RELEASE\reactor-core-3.2.12.RELEASE.jar;C:\Users\pragat\.m2\repository\org\reactivestreams\reactive-streams\1.0.3\reactive-streams-1.0.3.jar;C:\Users\pragat\.m2\repository\org\springframework\integration\spring-integration-jmx\5.1.7.RELEASE\spring-integration-jmx-5.1.7.RELEASE.jar;C:\Users\pragat\.m2\repository\org\springframework\spring-tuple\1.0.0.RELEASE\spring-tuple-1.0.0.RELEASE.jar;C:\Users\pragat\.m2\repository\com\esotericsoftware\kryo-shaded\3.0.3\kryo-shaded-3.0.3.jar;C:\Users\pragat\.m2\repository\com\esotericsoftware\minlog\1.3.0\minlog-1.3.0.jar;C:\Users\pragat\.m2\repository\org\springframework\integration\spring-integration-tuple\1.0.0.RELEASE\spring-integration-tuple-1.0.0.RELEASE.jar;C:\Users\pragat\.m2\repository\org\springframework\retry\spring-retry\1.2.4.RELEASE\spring-retry-1.2.4.RELEASE.jar;C:\Users\pragat\.m2\repository\org\springframework\cloud\spring-cloud-function-context\2.0.2.RELEASE\spring-cloud-function-context-2.0.2.RELEASE.jar;C:\Users\pragat\.m2\repository\org\springframework\cloud\spring-cloud-function-core\2.0.2.RELEASE\spring-cloud-function-core-2.0.2.RELEASE.jar;C:\Users\pragat\.m2\repository\org\apache\kafka\kafka-clients\2.0.1\kafka-clients-2.0.1.jar;C:\Users\pragat\.m2\repository\org\lz4\lz4-java\1.4.1\lz4-java-1.4.1.jar;C:\Users\pragat\.m2\repository\org\xerial\snappy\snappy-java\1.1.7.1\snappy-java-1.1.7.1.jar;C:\Users\pragat\.m2\repository\org\springframework\kafka\spring-kafka\2.2.8.RELEASE\spring-kafka-2.2.8.RELEASE.jar;C:\Users\pragat\.m2\repository\mysql\mysql-connector-java\8.0.17\mysql-connector-java-8.0.17.jar;C:\Users\pragat\.m2\repository\org\springframework\boot\spring-boot-starter-test\2.1.8.RELEASE\spring-boot-starter-test-2.1.8.RELEASE.jar;C:\Users\pragat\.m2\repository\org\springframework\boot\spring-boot-test\2.1.8.RELEASE\spring-boot-test-2.1.8.RELEASE.jar;C:\Users\pragat\.m2\repository\org\springframework\boot\spring-boot-test-autoconfigure\2.1.8.RELEASE\spring-boot-test-autoconfigure-2.1.8.RELEASE.jar;C:\Users\pragat\.m2\repository\com\jayway\jsonpath\json-path\2.4.0\json-path-2.4.0.jar;C:\Users\pragat\.m2\repository\net\minidev\json-smart\2.3\json-smart-2.3.jar;C:\Users\pragat\.m2\repository\net\minidev\accessors-smart\1.2\accessors-smart-1.2.jar;C:\Users\pragat\.m2\repository\org\ow2\asm\asm\5.0.4\asm-5.0.4.jar;C:\Users\pragat\.m2\repository\junit\junit\4.12\junit-4.12.jar;C:\Users\pragat\.m2\repository\org\assertj\assertj-core\3.11.1\assertj-core-3.11.1.jar;C:\Users\pragat\.m2\repository\org\mockito\mockito-core\2.23.4\mockito-core-2.23.4.jar;C:\Users\pragat\.m2\repository\net\bytebuddy\byte-buddy-agent\1.9.16\byte-buddy-agent-1.9.16.jar;C:\Users\pragat\.m2\repository\org\objenesis\objenesis\2.6\objenesis-2.6.jar;C:\Users\pragat\.m2\repository\org\hamcrest\hamcrest-core\1.3\hamcrest-core-1.3.jar;C:\Users\pragat\.m2\repository\org\hamcrest\hamcrest-library\1.3\hamcrest-library-1.3.jar;C:\Users\pragat\.m2\repository\org\skyscreamer\jsonassert\1.5.0\jsonassert-1.5.0.jar;C:\Users\pragat\.m2\repository\com\vaadin\external\google\android-json\0.0.20131108.vaadin1\android-json-0.0.20131108.vaadin1.jar;C:\Users\pragat\.m2\repository\org\springframework\spring-core\5.1.9.RELEASE\spring-core-5.1.9.RELEASE.jar;C:\Users\pragat\.m2\repository\org\springframework\spring-jcl\5.1.9.RELEASE\spring-jcl-5.1.9.RELEASE.jar;C:\Users\pragat\.m2\repository\org\springframework\spring-test\5.1.9.RELEASE\spring-test-5.1.9.RELEASE.jar;C:\Users\pragat\.m2\repository\org\xmlunit\xmlunit-core\2.6.3\xmlunit-core-2.6.3.jar;C:\Users\pragat\.m2\repository\org\springframework\cloud\spring-cloud-stream-test-support\2.1.3.RELEASE\spring-cloud-stream-test-support-2.1.3.RELEASE.jar;C:\Users\pragat\.m2\repository\org\springframework\boot\spring-boot-autoconfigure\2.1.8.RELEASE\spring-boot-autoconfigure-2.1.8.RELEASE.jar;C:\Users\pragat\.m2\repository\io\github\lognet\grpc-spring-boot-starter\3.0.0\grpc-spring-boot-starter-3.0.0.jar;C:\Users\pragat\.m2\repository\io\grpc\grpc-netty\1.15.1\grpc-netty-1.15.1.jar;C:\Users\pragat\.m2\repository\io\netty\netty-codec-http2\4.1.39.Final\netty-codec-http2-4.1.39.Final.jar;C:\Users\pragat\.m2\repository\io\netty\netty-common\4.1.39.Final\netty-common-4.1.39.Final.jar;C:\Users\pragat\.m2\repository\io\netty\netty-buffer\4.1.39.Final\netty-buffer-4.1.39.Final.jar;C:\Users\pragat\.m2\repository\io\netty\netty-transport\4.1.39.Final\netty-transport-4.1.39.Final.jar;C:\Users\pragat\.m2\repository\io\netty\netty-resolver\4.1.39.Final\netty-resolver-4.1.39.Final.jar;C:\Users\pragat\.m2\repository\io\netty\netty-codec\4.1.39.Final\netty-codec-4.1.39.Final.jar;C:\Users\pragat\.m2\repository\io\netty\netty-handler\4.1.39.Final\netty-handler-4.1.39.Final.jar;C:\Users\pragat\.m2\repository\io\netty\netty-codec-http\4.1.39.Final\netty-codec-http-4.1.39.Final.jar;C:\Users\pragat\.m2\repository\io\netty\netty-handler-proxy\4.1.39.Final\netty-handler-proxy-4.1.39.Final.jar;C:\Users\pragat\.m2\repository\io\netty\netty-codec-socks\4.1.39.Final\netty-codec-socks-4.1.39.Final.jar;C:\Users\pragat\.m2\repository\io\grpc\grpc-services\1.15.1\grpc-services-1.15.1.jar;C:\Users\pragat\.m2\repository\com\google\protobuf\protobuf-java-util\3.5.1\protobuf-java-util-3.5.1.jar;C:\Users\pragat\.m2\repository\com\google\re2j\re2j\1.2\re2j-1.2.jar;C:\Users\pragat\.m2\repository\io\grpc\grpc-stub\1.15.1\grpc-stub-1.15.1.jar;C:\Users\pragat\.m2\repository\io\grpc\grpc-core\1.15.1\grpc-core-1.15.1.jar;C:\Users\pragat\.m2\repository\io\grpc\grpc-context\1.15.1\grpc-context-1.15.1.jar;C:\Users\pragat\.m2\repository\com\google\code\gson\gson\2.8.5\gson-2.8.5.jar;C:\Users\pragat\.m2\repository\com\google\errorprone\error_prone_annotations\2.2.0\error_prone_annotations-2.2.0.jar;C:\Users\pragat\.m2\repository\com\google\code\findbugs\jsr305\3.0.0\jsr305-3.0.0.jar;C:\Users\pragat\.m2\repository\org\codehaus\mojo\animal-sniffer-annotations\1.17\animal-sniffer-annotations-1.17.jar;C:\Users\pragat\.m2\repository\io\opencensus\opencensus-api\0.12.3\opencensus-api-0.12.3.jar;C:\Users\pragat\.m2\repository\io\opencensus\opencensus-contrib-grpc-metrics\0.12.3\opencensus-contrib-grpc-metrics-0.12.3.jar;C:\Users\pragat\.m2\repository\io\grpc\grpc-protobuf\1.15.1\grpc-protobuf-1.15.1.jar;C:\Users\pragat\.m2\repository\com\google\protobuf\protobuf-java\3.5.1\protobuf-java-3.5.1.jar;C:\Users\pragat\.m2\repository\com\google\guava\guava\20.0\guava-20.0.jar;C:\Users\pragat\.m2\repository\com\google\api\grpc\proto-google-common-protos\1.16.0\proto-google-common-protos-1.16.0.jar;C:\Users\pragat\.m2\repository\io\grpc\grpc-protobuf-lite\1.15.1\grpc-protobuf-lite-1.15.1.jar;C:\Users\pragat\.m2\repository\io\opentracing\contrib\opentracing-spring-jaeger-web-starter\2.0.3\opentracing-spring-jaeger-web-starter-2.0.3.jar;C:\Users\pragat\.m2\repository\io\opentracing\contrib\opentracing-spring-jaeger-starter\2.0.3\opentracing-spring-jaeger-starter-2.0.3.jar;C:\Users\pragat\.m2\repository\io\opentracing\contrib\opentracing-spring-tracer-configuration-starter\0.2.0\opentracing-spring-tracer-configuration-starter-0.2.0.jar;C:\Users\pragat\.m2\repository\io\opentracing\opentracing-noop\0.32.0\opentracing-noop-0.32.0.jar;C:\Users\pragat\.m2\repository\io\opentracing\opentracing-util\0.32.0\opentracing-util-0.32.0.jar;C:\Users\pragat\.m2\repository\io\opentracing\opentracing-api\0.32.0\opentracing-api-0.32.0.jar;C:\Users\pragat\.m2\repository\io\jaegertracing\jaeger-client\0.35.1\jaeger-client-0.35.1.jar;C:\Users\pragat\.m2\repository\io\jaegertracing\jaeger-thrift\0.35.1\jaeger-thrift-0.35.1.jar;C:\Users\pragat\.m2\repository\org\apache\thrift\libthrift\0.12.0\libthrift-0.12.0.jar;C:\Users\pragat\.m2\repository\com\squareup\okhttp3\okhttp\3.8.1\okhttp-3.8.1.jar;C:\Users\pragat\.m2\repository\com\squareup\okio\okio\1.13.0\okio-1.13.0.jar;C:\Users\pragat\.m2\repository\io\jaegertracing\jaeger-core\0.35.1\jaeger-core-0.35.1.jar;C:\Users\pragat\.m2\repository\io\jaegertracing\jaeger-tracerresolver\0.35.1\jaeger-tracerresolver-0.35.1.jar;C:\Users\pragat\.m2\repository\io\opentracing\contrib\opentracing-spring-web-starter\2.1.0\opentracing-spring-web-starter-2.1.0.jar;C:\Users\pragat\.m2\repository\io\opentracing\contrib\opentracing-spring-web\2.1.0\opentracing-spring-web-2.1.0.jar;C:\Users\pragat\.m2\repository\io\opentracing\contrib\opentracing-web-servlet-filter\0.3.0\opentracing-web-servlet-filter-0.3.0.jar;C:\Users\pragat\.m2\repository\io\opentracing\contrib\opentracing-tracerresolver\0.1.6\opentracing-tracerresolver-0.1.6.jar;"/>
    <property name="sun.cpu.endian" value="little"/>
    <property name="user.home" value="C:\Users\pragat"/>
    <property name="user.language" value="en"/>
    <property name="java.specification.vendor" value="Oracle Corporation"/>
    <property name="java.version.date" value="2018-10-16"/>
    <property name="java.home" value="C:\Users\pragat\java\jdk-11.0.1_windows-x64_bin\jdk-11.0.1"/>
    <property name="file.separator" value="\"/>
    <property name="basedir" value="C:\Users\pragat\Desktop\AdifPoc\phase_2\springlatest\demo_final\grpc\ProvisionMicroServiceLastest-master"/>
    <property name="java.vm.compressedOopsMode" value="32-bit"/>
    <property name="line.separator" value="&#10;"/>
    <property name="java.specification.name" value="Java Platform API Specification"/>
    <property name="java.vm.specification.vendor" value="Oracle Corporation"/>
    <property name="java.awt.graphicsenv" value="sun.awt.Win32GraphicsEnvironment"/>
    <property name="surefire.real.class.path" value="C:\Users\pragat\AppData\Local\Temp\surefire801473735791746013\surefirebooter15329188353931582417.jar"/>
    <property name="user.script" value=""/>
    <property name="sun.management.compiler" value="HotSpot 64-Bit Tiered Compilers"/>
    <property name="java.runtime.version" value="11.0.1+13-LTS"/>
    <property name="user.name" value="pragat"/>
    <property name="path.separator" value=";"/>
    <property name="os.version" value="10.0"/>
    <property name="java.runtime.name" value="Java(TM) SE Runtime Environment"/>
    <property name="file.encoding" value="Cp1252"/>
    <property name="java.vm.name" value="Java HotSpot(TM) 64-Bit Server VM"/>
    <property name="java.vendor.version" value="18.9"/>
    <property name="localRepository" value="C:\Users\pragat\.m2\repository"/>
    <property name="java.vendor.url.bug" value="http://bugreport.java.com/bugreport/"/>
    <property name="java.io.tmpdir" value="C:\Users\pragat\AppData\Local\Temp\"/>
    <property name="java.version" value="11.0.1"/>
    <property name="user.dir" value="C:\Users\pragat\Desktop\AdifPoc\phase_2\springlatest\demo_final\grpc\ProvisionMicroServiceLastest-master"/>
    <property name="os.arch" value="amd64"/>
    <property name="java.vm.specification.name" value="Java Virtual Machine Specification"/>
    <property name="java.awt.printerjob" value="sun.awt.windows.WPrinterJob"/>
    <property name="sun.os.patch.level" value=""/>
    <property name="java.library.path" value="C:\Users\pragat\java\jdk-11.0.1_windows-x64_bin\jdk-11.0.1\bin;C:\WINDOWS\Sun\Java\bin;C:\WINDOWS\system32;C:\WINDOWS;C:/Program Files/Java/jre1.8.0_221/bin/server;C:/Program Files/Java/jre1.8.0_221/bin;C:/Program Files/Java/jre1.8.0_221/lib/amd64;C:\Program Files (x86)\Common Files\Oracle\Java\javapath;C:\ProgramData\DockerDesktop\version-bin;C:\Program Files\Docker\Docker\Resources\bin;&quot;C:\Program Files (x86)\Common Files\Oracle\Java\javapath;%GRADLE_HOME%\bin&quot;;C:\WINDOWS\system32;C:\WINDOWS;C:\WINDOWS\System32\Wbem;C:\WINDOWS\System32\WindowsPowerShell\v1.0\;C:\Program Files (x86)\QuickTime\QTSystem\;C:\Program Files\CapgeminiScripts\Support Tools\;C:\Program Files\Git\cmd;c:\Program Files\Amazon\AWSCLI\bin\;C:\Users\pragat\AppData\Local\Microsoft\WindowsApps;C:\Program Files\Docker Toolbox;C:\Program Files (x86)\Kubernetes\Minikube;C:\Program Files\nodejs\;C:\WINDOWS\system32;C:\WINDOWS;C:\WINDOWS\System32\Wbem;C:\WINDOWS\System32\WindowsPowerShell\v1.0\;C:\WINDOWS\System32\OpenSSH\;C:\Users\pragat\AppData\Local\Microsoft\WindowsApps;C:\Program Files\Docker Toolbox;C:\Users\pragat\Minishift;C:\Users\pragat\AppData\Local\Programs\Microsoft VS Code\bin;C:\Users\pragat\AppData\Roaming\npm;C:\Users\pragat\AppData\Local\JetBrains\IntelliJ IDEA 2019.2\bin;;C:\Users\pragat\AppData\Local\JetBrains\IntelliJ IDEA Community Edition 2019.2\bin;;;C:\Users\pragat\Documents\sts-4.0.1.RELEASE;;."/>
    <property name="java.vendor" value="Oracle Corporation"/>
    <property name="java.vm.info" value="mixed mode"/>
    <property name="java.vm.version" value="11.0.1+13-LTS"/>
    <property name="sun.io.unicode.encoding" value="UnicodeLittle"/>
    <property name="java.class.version" value="55.0"/>
  </properties>
  <testcase name="contextLoads" classname="com.cg.ProvisionService.ProvisionServiceApplicationTests" time="0.161"/>
</testsuite>